<?xml version="1.0" encoding="UTF-8"?>
<testng-results ignored="0" total="1" passed="1" failed="0" skipped="0">
  <reporter-output>
  </reporter-output>
  <suite started-at="2022-08-25T23:18:01 PDT" name="Default suite" finished-at="2022-08-25T23:18:06 PDT" duration-ms="5313">
    <groups>
    </groups>
    <test started-at="2022-08-25T23:18:01 PDT" name="Default test" finished-at="2022-08-25T23:18:06 PDT" duration-ms="5313">
      <class name="com.inetbanking.testCases.TC_LoginTest_001">
        <test-method is-config="true" signature="setup()[pri:0, instance:com.inetbanking.testCases.TC_LoginTest_001@313ac989]" started-at="2022-08-25T23:18:01 PDT" name="setup" finished-at="2022-08-25T23:18:03 PDT" duration-ms="2200" status="PASS">
          <reporter-output>
          </reporter-output>
        </test-method> <!-- setup -->
        <test-method signature="loginTest()[pri:0, instance:com.inetbanking.testCases.TC_LoginTest_001@313ac989]" started-at="2022-08-25T23:18:03 PDT" name="loginTest" finished-at="2022-08-25T23:18:06 PDT" duration-ms="2756" status="PASS">
          <reporter-output>
          </reporter-output>
        </test-method> <!-- loginTest -->
        <test-method is-config="true" signature="tearDown()[pri:0, instance:com.inetbanking.testCases.TC_LoginTest_001@313ac989]" started-at="2022-08-25T23:18:06 PDT" name="tearDown" finished-at="2022-08-25T23:18:06 PDT" duration-ms="322" status="PASS">
          <reporter-output>
          </reporter-output>
        </test-method> <!-- tearDown -->
      </class> <!-- com.inetbanking.testCases.TC_LoginTest_001 -->
    </test> <!-- Default test -->
  </suite> <!-- Default suite -->
</testng-results>
